<?xml version="1.0" encoding="UTF-8"?>
<testng-results ignored="0" total="1" passed="1" failed="0" skipped="0">
  <reporter-output>
  </reporter-output>
  <suite started-at="2023-02-21T23:27:37 EST" name="Default suite" finished-at="2023-02-21T23:27:39 EST" duration-ms="2414">
    <groups>
    </groups>
    <test started-at="2023-02-21T23:27:37 EST" name="Default test" finished-at="2023-02-21T23:27:39 EST" duration-ms="2414">
      <class name="day5.ParsingXMLResponse">
        <test-method signature="testXMLResponseBody()[pri:0, instance:day5.ParsingXMLResponse@15eb5ee5]" started-at="2023-02-21T23:27:37 EST" name="testXMLResponseBody" finished-at="2023-02-21T23:27:39 EST" duration-ms="2379" status="PASS">
          <reporter-output>
          </reporter-output>
        </test-method> <!-- testXMLResponseBody -->
      </class> <!-- day5.ParsingXMLResponse -->
    </test> <!-- Default test -->
  </suite> <!-- Default suite -->
</testng-results>
