<?xml version="1.0" encoding="UTF-8"?>
<!-- Generated by org.testng.reporters.JUnitXMLReporter -->
<testsuite ignored="0" hostname="MSI" failures="0" tests="4" name="Test" time="6.51" errors="0" timestamp="2023-02-15T23:04:26 EST">
  <testcase classname="day8.CreatUser" name="test_creatUser" time="3.259"/>
  <testcase classname="day8.GetUser" name="test_GetUser" time="1.141"/>
  <testcase classname="day8.UpdateUser" name="test_UpdateUser" time="1.047"/>
  <testcase classname="day8.DeleteUser" name="test_DeleteUser" time="1.013"/>
</testsuite> <!-- Test -->
